INFO 2024-04-17 14:14:49,536 Auth info was exported to ./.tmp/auth_info.json api\debug\debug.cpp:17 Nelwhyeth Obrero@LAPTOP-9OOIGRQI
ERROR 2024-04-17 14:14:52,437 NE_RS_UNBLDRE: Unable to load application resource file /resources/favicon.ico api\debug\debug.cpp:20 Nelwhyeth Obrero@LAPTOP-9OOIGRQI
ERROR 2024-04-17 14:15:03,254 NE_RS_UNBLDRE: Unable to load application resource file /resources/path/to/your/css/swiper-bundle.min.css api\debug\debug.cpp:20 Nelwhyeth Obrero@LAPTOP-9OOIGRQI
ERROR 2024-04-17 14:15:03,957 NE_RS_UNBLDRE: Unable to load application resource file /resources/js/speechToText.js api\debug\debug.cpp:20 Nelwhyeth Obrero@LAPTOP-9OOIGRQI
INFO 2024-04-17 17:15:22,808 Auth info was exported to ./.tmp/auth_info.json api\debug\debug.cpp:17 Nelwhyeth Obrero@LAPTOP-9OOIGRQI
ERROR 2024-04-17 17:15:26,074 NE_RS_UNBLDRE: Unable to load application resource file /resources/favicon.ico api\debug\debug.cpp:20 Nelwhyeth Obrero@LAPTOP-9OOIGRQI
ERROR 2024-04-17 17:15:37,551 NE_RS_UNBLDRE: Unable to load application resource file /resources/js/speechToText.js api\debug\debug.cpp:20 Nelwhyeth Obrero@LAPTOP-9OOIGRQI
INFO 2024-04-17 17:16:45,159 Auth info was exported to ./.tmp/auth_info.json api\debug\debug.cpp:17 Nelwhyeth Obrero@LAPTOP-9OOIGRQI
ERROR 2024-04-17 17:16:48,081 NE_RS_UNBLDRE: Unable to load application resource file /resources/favicon.ico api\debug\debug.cpp:20 Nelwhyeth Obrero@LAPTOP-9OOIGRQI
ERROR 2024-04-17 17:16:59,528 NE_RS_UNBLDRE: Unable to load application resource file /resources/js/speechToText.js api\debug\debug.cpp:20 Nelwhyeth Obrero@LAPTOP-9OOIGRQI
INFO 2024-04-17 17:27:35,902 Auth info was exported to ./.tmp/auth_info.json api\debug\debug.cpp:17 Nelwhyeth Obrero@LAPTOP-9OOIGRQI
ERROR 2024-04-17 17:27:40,396 NE_RS_UNBLDRE: Unable to load application resource file /resources/favicon.ico api\debug\debug.cpp:20 Nelwhyeth Obrero@LAPTOP-9OOIGRQI
ERROR 2024-04-17 17:27:51,304 NE_RS_UNBLDRE: Unable to load application resource file /resources/js/speechToText.js api\debug\debug.cpp:20 Nelwhyeth Obrero@LAPTOP-9OOIGRQI
INFO 2024-04-17 17:34:08,783 Auth info was exported to ./.tmp/auth_info.json api\debug\debug.cpp:17 Nelwhyeth Obrero@LAPTOP-9OOIGRQI
ERROR 2024-04-17 17:34:11,335 NE_RS_UNBLDRE: Unable to load application resource file /resources/favicon.ico api\debug\debug.cpp:20 Nelwhyeth Obrero@LAPTOP-9OOIGRQI
ERROR 2024-04-17 17:34:22,818 NE_RS_UNBLDRE: Unable to load application resource file /resources/js/speechToText.js api\debug\debug.cpp:20 Nelwhyeth Obrero@LAPTOP-9OOIGRQI
INFO 2024-04-17 19:40:29,112 Auth info was exported to ./.tmp/auth_info.json api\debug\debug.cpp:17 Nelwhyeth Obrero@LAPTOP-9OOIGRQI
ERROR 2024-04-17 19:40:31,740 NE_RS_UNBLDRE: Unable to load application resource file /resources/favicon.ico api\debug\debug.cpp:20 Nelwhyeth Obrero@LAPTOP-9OOIGRQI
ERROR 2024-04-17 19:40:43,236 NE_RS_UNBLDRE: Unable to load application resource file /resources/js/speechToText.js api\debug\debug.cpp:20 Nelwhyeth Obrero@LAPTOP-9OOIGRQI
INFO 2024-04-17 20:47:21,303 Auth info was exported to ./.tmp/auth_info.json api\debug\debug.cpp:17 Nelwhyeth Obrero@LAPTOP-9OOIGRQI
ERROR 2024-04-17 20:47:23,871 NE_RS_UNBLDRE: Unable to load application resource file /resources/favicon.ico api\debug\debug.cpp:20 Nelwhyeth Obrero@LAPTOP-9OOIGRQI
ERROR 2024-04-17 20:47:35,432 NE_RS_UNBLDRE: Unable to load application resource file /resources/js/speechToText.js api\debug\debug.cpp:20 Nelwhyeth Obrero@LAPTOP-9OOIGRQI
INFO 2024-04-18 08:29:33,240 Auth info was exported to ./.tmp/auth_info.json api\debug\debug.cpp:17 Nelwhyeth Obrero@LAPTOP-9OOIGRQI
ERROR 2024-04-18 08:29:36,549 NE_RS_UNBLDRE: Unable to load application resource file /resources/favicon.ico api\debug\debug.cpp:20 Nelwhyeth Obrero@LAPTOP-9OOIGRQI
ERROR 2024-04-18 08:29:48,114 NE_RS_UNBLDRE: Unable to load application resource file /resources/js/speechToText.js api\debug\debug.cpp:20 Nelwhyeth Obrero@LAPTOP-9OOIGRQI
INFO 2024-04-18 08:39:07,276 Auth info was exported to ./.tmp/auth_info.json api\debug\debug.cpp:17 Nelwhyeth Obrero@LAPTOP-9OOIGRQI
ERROR 2024-04-18 08:39:09,978 NE_RS_UNBLDRE: Unable to load application resource file /resources/favicon.ico api\debug\debug.cpp:20 Nelwhyeth Obrero@LAPTOP-9OOIGRQI
ERROR 2024-04-18 08:39:21,609 NE_RS_UNBLDRE: Unable to load application resource file /resources/js/speechToText.js api\debug\debug.cpp:20 Nelwhyeth Obrero@LAPTOP-9OOIGRQI
INFO 2024-04-18 08:59:06,170 Auth info was exported to ./.tmp/auth_info.json api\debug\debug.cpp:17 Nelwhyeth Obrero@LAPTOP-9OOIGRQI
ERROR 2024-04-18 08:59:08,101 NE_RS_UNBLDRE: Unable to load application resource file /resources/favicon.ico api\debug\debug.cpp:20 Nelwhyeth Obrero@LAPTOP-9OOIGRQI
ERROR 2024-04-18 08:59:19,818 NE_RS_UNBLDRE: Unable to load application resource file /resources/js/speechToText.js api\debug\debug.cpp:20 Nelwhyeth Obrero@LAPTOP-9OOIGRQI
INFO 2024-04-18 09:08:04,559 Auth info was exported to ./.tmp/auth_info.json api\debug\debug.cpp:17 Nelwhyeth Obrero@LAPTOP-9OOIGRQI
ERROR 2024-04-18 09:08:06,097 NE_RS_UNBLDRE: Unable to load application resource file /resources/favicon.ico api\debug\debug.cpp:20 Nelwhyeth Obrero@LAPTOP-9OOIGRQI
ERROR 2024-04-18 09:08:17,708 NE_RS_UNBLDRE: Unable to load application resource file /resources/js/speechToText.js api\debug\debug.cpp:20 Nelwhyeth Obrero@LAPTOP-9OOIGRQI
INFO 2024-04-18 09:09:32,333 Reloading the application... api\debug\debug.cpp:17 Nelwhyeth Obrero@LAPTOP-9OOIGRQI
ERROR 2024-04-18 09:09:33,430 NE_RS_UNBLDRE: Unable to load application resource file /resources/js/speechToText.js api\debug\debug.cpp:20 Nelwhyeth Obrero@LAPTOP-9OOIGRQI
ERROR 2024-04-18 09:24:30,039 NE_RS_UNBLDRE: Unable to load application resource file /resources/js/speechToText.js api\debug\debug.cpp:20 Nelwhyeth Obrero@LAPTOP-9OOIGRQI
INFO 2024-04-18 09:29:21,012 Auth info was exported to ./.tmp/auth_info.json api\debug\debug.cpp:17 Nelwhyeth Obrero@LAPTOP-9OOIGRQI
ERROR 2024-04-18 09:29:22,526 NE_RS_UNBLDRE: Unable to load application resource file /resources/favicon.ico api\debug\debug.cpp:20 Nelwhyeth Obrero@LAPTOP-9OOIGRQI
ERROR 2024-04-18 09:29:34,069 NE_RS_UNBLDRE: Unable to load application resource file /resources/js/speechToText.js api\debug\debug.cpp:20 Nelwhyeth Obrero@LAPTOP-9OOIGRQI
INFO 2024-04-18 09:37:16,058 Auth info was exported to ./.tmp/auth_info.json api\debug\debug.cpp:17 Nelwhyeth Obrero@LAPTOP-9OOIGRQI
ERROR 2024-04-18 09:37:17,487 NE_RS_UNBLDRE: Unable to load application resource file /resources/favicon.ico api\debug\debug.cpp:20 Nelwhyeth Obrero@LAPTOP-9OOIGRQI
ERROR 2024-04-18 09:37:29,098 NE_RS_UNBLDRE: Unable to load application resource file /resources/js/speechToText.js api\debug\debug.cpp:20 Nelwhyeth Obrero@LAPTOP-9OOIGRQI
INFO 2024-04-18 10:10:45,119 Auth info was exported to ./.tmp/auth_info.json api\debug\debug.cpp:17 Nelwhyeth Obrero@LAPTOP-9OOIGRQI
ERROR 2024-04-18 10:10:47,071 NE_RS_UNBLDRE: Unable to load application resource file /resources/favicon.ico api\debug\debug.cpp:20 Nelwhyeth Obrero@LAPTOP-9OOIGRQI
ERROR 2024-04-18 10:10:58,589 NE_RS_UNBLDRE: Unable to load application resource file /resources/js/speechToText.js api\debug\debug.cpp:20 Nelwhyeth Obrero@LAPTOP-9OOIGRQI
INFO 2024-06-07 13:22:09,565 Auth info was exported to ./.tmp/auth_info.json api\debug\debug.cpp:17 Nelwhyeth Obrero@LAPTOP-9OOIGRQI
ERROR 2024-06-07 13:22:11,473 NE_RS_UNBLDRE: Unable to load application resource file /resources/favicon.ico api\debug\debug.cpp:20 Nelwhyeth Obrero@LAPTOP-9OOIGRQI
ERROR 2024-06-07 13:22:23,091 NE_RS_UNBLDRE: Unable to load application resource file /resources/js/speechToText.js api\debug\debug.cpp:20 Nelwhyeth Obrero@LAPTOP-9OOIGRQI
